<?xml version="1.0" encoding="UTF-8"?>
<!-- Generated by org.testng.reporters.JUnitReportReporter -->
<testsuite skipped="0" hostname="IB-SEZ-LAP-046" name="qaclickacademy.APITest" tests="1" failures="0" timestamp="2020-11-26T20:24:40 IST" time="0.011" errors="0">
  <testcase name="APIAutomation" time="0.011" classname="qaclickacademy.APITest"/>
</testsuite> <!-- qaclickacademy.APITest -->
