<?xml version="1.0" encoding="UTF-8"?>
<!-- Generated by org.testng.reporters.JUnitReportReporter -->
<testsuite skipped="0" hostname="IB-SEZ-LAP-046" name="qaclickacademy.SeleniumTest" tests="2" failures="0" timestamp="2020-11-26T20:24:40 IST" time="0.001" errors="0">
  <testcase name="chromeAutomation" time="0.000" classname="qaclickacademy.SeleniumTest"/>
  <testcase name="firefoxAutomation" time="0.001" classname="qaclickacademy.SeleniumTest"/>
</testsuite> <!-- qaclickacademy.SeleniumTest -->
